<?xml version="1.0" encoding="UTF-8"?>
<!-- Generated by org.testng.reporters.JUnitXMLReporter -->
<testsuite ignored="0" hostname="LAPTOP-HO0UVJN8" failures="1" tests="11" name="FirefoxTest" time="59.583" errors="0" timestamp="2025-03-12T14:38:50 CET">
  <testcase classname="testCases.TC001_VerifyCheckoutFlow" name="verifyCompleteCheckoutFlow" time="2.005">
    <failure type="java.lang.AssertionError" message="null">
      <![CDATA[java.lang.AssertionError: null
at testCases.TC001_VerifyCheckoutFlow.verifyCompleteCheckoutFlow(TC001_VerifyCheckoutFlow.java:84)
at java.base/java.util.ArrayList.forEach(ArrayList.java:1511)
at java.base/java.util.concurrent.FutureTask.run(FutureTask.java:264)
at java.base/java.util.concurrent.ThreadPoolExecutor.runWorker(ThreadPoolExecutor.java:1136)
at java.base/java.util.concurrent.ThreadPoolExecutor$Worker.run(ThreadPoolExecutor.java:635)
at java.base/java.lang.Thread.run(Thread.java:840)
... Removed 19 stack frames]]>
    </failure>
  </testcase> <!-- verifyCompleteCheckoutFlow -->
  <testcase classname="testCases.TC002_VerifySortedProducts" name="sortProductsbyZtoA" time="0.958"/>
  <testcase classname="testCases.TC003_VerifyLoginFunctionality" name="verify_LoginCredentials" time="0.995"/>
  <testcase classname="testCases.TC003_VerifyLoginFunctionality" name="verify_LoginCredentials" time="0.415"/>
  <testcase classname="testCases.TC003_VerifyLoginFunctionality" name="verify_LoginCredentials" time="0.344"/>
  <testcase classname="testCases.TC003_VerifyLoginFunctionality" name="verify_LoginCredentials" time="0.893"/>
  <testcase classname="testCases.TC003_VerifyLoginFunctionality" name="verify_LoginCredentials" time="0.402"/>
  <testcase classname="testCases.TC003_VerifyLoginFunctionality" name="verify_LoginCredentials" time="0.397"/>
  <testcase classname="testCases.TC003_VerifyLoginFunctionality" name="verify_LoginCredentials" time="5.858"/>
  <testcase classname="testCases.TC003_VerifyLoginFunctionality" name="verify_LoginCredentials" time="0.4"/>
  <testcase classname="testCases.TC003_VerifyLoginFunctionality" name="verify_LoginCredentials" time="0.939"/>
</testsuite> <!-- FirefoxTest -->
