<?xml version="1.0" encoding="UTF-8"?>
<!-- Generated by org.testng.reporters.JUnitXMLReporter -->
<testsuite ignored="0" hostname="LAPTOP-HO0UVJN8" failures="2" tests="11" name="Test" time="55.129" errors="0" timestamp="2025-03-10T20:30:29 CET">
  <testcase classname="testCases.TC001_VerifyLoginFunctionality" name="verify_LoginCredentials" time="0.652"/>
  <testcase classname="testCases.TC001_VerifyLoginFunctionality" name="verify_LoginCredentials" time="0.374"/>
  <testcase classname="testCases.TC001_VerifyLoginFunctionality" name="verify_LoginCredentials" time="0.353"/>
  <testcase classname="testCases.TC001_VerifyLoginFunctionality" name="verify_LoginCredentials" time="0.533"/>
  <testcase classname="testCases.TC001_VerifyLoginFunctionality" name="verify_LoginCredentials" time="0.426"/>
  <testcase classname="testCases.TC001_VerifyLoginFunctionality" name="verify_LoginCredentials" time="5.744"/>
  <testcase classname="testCases.TC001_VerifyLoginFunctionality" name="verify_LoginCredentials" time="0.805"/>
  <testcase classname="testCases.TC001_VerifyLoginFunctionality" name="verify_LoginCredentials" time="0.715"/>
  <testcase classname="testCases.TC001_VerifyLoginFunctionality" name="verify_LoginCredentials" time="0.668"/>
  <testcase classname="testCases.TC001_VerifyLoginFunctionality" name="verify_LoginCredentials" time="20.749">
    <failure type="java.lang.AssertionError" message="expected [Epic sadface: Password is required] but found [no such element: Unable to locate element: {&amp;quot;method&amp;quot;:&amp;quot;xpath&amp;quot;,&amp;quot;selector&amp;quot;:&amp;quot;//div[@class=&amp;apos;error-message-container error&amp;apos;]&amp;quot;}
  (Session info: chrome=134.0.6998.35)
For documentation on this error, please visit: https://www.selenium.dev/documentation/webdriver/troubleshooting/errors#no-such-element-exception
Build info: version: &amp;apos;4.23.1&amp;apos;, revision: &amp;apos;656257d8e9&amp;apos;
System info: os.name: &amp;apos;Windows 11&amp;apos;, os.arch: &amp;apos;amd64&amp;apos;, os.version: &amp;apos;10.0&amp;apos;, java.version: &amp;apos;17.0.11&amp;apos;
Driver info: org.openqa.selenium.chrome.ChromeDriver
Command: [8124b683761afa7f0b739aa671be96e3, findElement {value=//div[@class=&amp;apos;error-message-container error&amp;apos;], using=xpath}]
Capabilities {acceptInsecureCerts: false, browserName: chrome, browserVersion: 134.0.6998.35, chrome: {chromedriverVersion: 134.0.6998.35 (ea6ef4c2ac15..., userDataDir: C:\Users\hp\AppData\Local\T...}, fedcm:accounts: true, goog:chromeOptions: {debuggerAddress: localhost:63801}, networkConnectionEnabled: false, pageLoadStrategy: normal, platformName: windows, proxy: Proxy(), se:cdp: ws://localhost:63801/devtoo..., se:cdpVersion: 134.0.6998.35, setWindowRect: true, strictFileInteractability: false, timeouts: {implicit: 0, pageLoad: 300000, script: 30000}, unhandledPromptBehavior: dismiss and notify, webauthn:extension:credBlob: true, webauthn:extension:largeBlob: true, webauthn:extension:minPinLength: true, webauthn:extension:prf: true, webauthn:virtualAuthenticators: true}
Session ID: 8124b683761afa7f0b739aa671be96e3]">
      <![CDATA[java.lang.AssertionError: expected [Epic sadface: Password is required] but found [no such element: Unable to locate element: {"method":"xpath","selector":"//div[@class='error-message-container error']"}
  (Session info: chrome=134.0.6998.35)
For documentation on this error, please visit: https://www.selenium.dev/documentation/webdriver/troubleshooting/errors#no-such-element-exception
Build info: version: '4.23.1', revision: '656257d8e9'
System info: os.name: 'Windows 11', os.arch: 'amd64', os.version: '10.0', java.version: '17.0.11'
Driver info: org.openqa.selenium.chrome.ChromeDriver
Command: [8124b683761afa7f0b739aa671be96e3, findElement {value=//div[@class='error-message-container error'], using=xpath}]
Capabilities {acceptInsecureCerts: false, browserName: chrome, browserVersion: 134.0.6998.35, chrome: {chromedriverVersion: 134.0.6998.35 (ea6ef4c2ac15..., userDataDir: C:\Users\hp\AppData\Local\T...}, fedcm:accounts: true, goog:chromeOptions: {debuggerAddress: localhost:63801}, networkConnectionEnabled: false, pageLoadStrategy: normal, platformName: windows, proxy: Proxy(), se:cdp: ws://localhost:63801/devtoo..., se:cdpVersion: 134.0.6998.35, setWindowRect: true, strictFileInteractability: false, timeouts: {implicit: 0, pageLoad: 300000, script: 30000}, unhandledPromptBehavior: dismiss and notify, webauthn:extension:credBlob: true, webauthn:extension:largeBlob: true, webauthn:extension:minPinLength: true, webauthn:extension:prf: true, webauthn:virtualAuthenticators: true}
Session ID: 8124b683761afa7f0b739aa671be96e3]
at testCases.TC001_VerifyLoginFunctionality.verify_LoginCredentials(TC001_VerifyLoginFunctionality.java:78)
at java.base/java.util.ArrayList.forEach(ArrayList.java:1511)
... Removed 33 stack frames]]>
    </failure>
  </testcase> <!-- verify_LoginCredentials -->
  <testcase classname="testCases.TC001_VerifyLoginFunctionality" name="verify_LoginCredentials" time="20.058">
    <failure type="java.lang.AssertionError" message="null">
      <![CDATA[java.lang.AssertionError: null
at testCases.TC001_VerifyLoginFunctionality.verify_LoginCredentials(TC001_VerifyLoginFunctionality.java:82)
at java.base/java.util.ArrayList.forEach(ArrayList.java:1511)
... Removed 29 stack frames]]>
    </failure>
  </testcase> <!-- verify_LoginCredentials -->
</testsuite> <!-- Test -->
